This file contains any messages produced by compilers while
running configure, to aid debugging if configure makes a mistake.

It was created by configure, which was
generated by GNU Autoconf 2.57.  Invocation command line was

  $ ./configure 

## --------- ##
## Platform. ##
## --------- ##

hostname = cube
uname -m = i686
uname -r = 2.6.25-ARCH
uname -s = Linux
uname -v = #1 SMP PREEMPT Fri May 16 14:52:43 CEST 2008

/usr/bin/uname -p = unknown
/bin/uname -X     = unknown

/bin/arch              = i686
/usr/bin/arch -k       = unknown
/usr/convex/getsysinfo = unknown
hostinfo               = unknown
/bin/machine           = unknown
/usr/bin/oslevel       = unknown
/bin/universe          = unknown

PATH: /bin
PATH: /usr/bin
PATH: /usr/local/bin
PATH: /opt/bin
PATH: /usr/X11R6/bin
PATH: ~/bin
PATH: /bin
PATH: /usr/bin
PATH: /sbin
PATH: /usr/sbin
PATH: /opt/java/jre/bin
PATH: /opt/mozilla/bin
PATH: /usr/bin/perlbin/site
PATH: /usr/bin/perlbin/vendor
PATH: /usr/bin/perlbin/core
PATH: /opt/qt/bin


## ----------- ##
## Core tests. ##
## ----------- ##

configure:1261: checking for a BSD-compatible install
configure:1315: result: /bin/install -c
configure:1326: checking whether build environment is sane
configure:1369: result: yes
configure:1402: checking for gawk
configure:1418: found /bin/gawk
configure:1428: result: gawk
configure:1438: checking whether make sets $(MAKE)
configure:1458: result: yes
configure:1660: checking for gcc
configure:1676: found /usr/bin/gcc
configure:1686: result: gcc
configure:1930: checking for C compiler version
configure:1933: gcc --version </dev/null >&5
gcc (GCC) 4.3.1
Copyright (C) 2008 Free Software Foundation, Inc.
This is free software; see the source for copying conditions.  There is NO
warranty; not even for MERCHANTABILITY or FITNESS FOR A PARTICULAR PURPOSE.

configure:1936: $? = 0
configure:1938: gcc -v </dev/null >&5
Using built-in specs.
Target: i686-pc-linux-gnu
Configured with: ../configure --prefix=/usr --enable-shared --enable-languages=c,c++,fortran,objc,obj-c++,treelang --enable-threads=posix --mandir=/usr/share/man --enable-__cxa_atexit --disable-multilib --libdir=/usr/lib --libexecdir=/usr/lib --enable-clocale=gnu --disable-libstdcxx-pch --with-tune=generic
Thread model: posix
gcc version 4.3.1 (GCC) 
configure:1941: $? = 0
configure:1943: gcc -V </dev/null >&5
gcc: '-V' option must have argument
configure:1946: $? = 1
configure:1970: checking for C compiler default output
configure:1973: gcc    conftest.c  >&5
configure:1976: $? = 0
configure:2022: result: a.out
configure:2027: checking whether the C compiler works
configure:2033: ./a.out
configure:2036: $? = 0
configure:2053: result: yes
configure:2060: checking whether we are cross compiling
configure:2062: result: no
configure:2065: checking for suffix of executables
configure:2067: gcc -o conftest    conftest.c  >&5
configure:2070: $? = 0
configure:2095: result: 
configure:2101: checking for suffix of object files
configure:2123: gcc -c   conftest.c >&5
configure:2126: $? = 0
configure:2148: result: o
configure:2152: checking whether we are using the GNU C compiler
configure:2177: gcc -c   conftest.c >&5
configure:2180: $? = 0
configure:2183: test -s conftest.o
configure:2186: $? = 0
configure:2199: result: yes
configure:2205: checking whether gcc accepts -g
configure:2227: gcc -c -g  conftest.c >&5
configure:2230: $? = 0
configure:2233: test -s conftest.o
configure:2236: $? = 0
configure:2247: result: yes
configure:2264: checking for gcc option to accept ANSI C
configure:2325: gcc  -c -g -O2  conftest.c >&5
configure:2328: $? = 0
configure:2331: test -s conftest.o
configure:2334: $? = 0
configure:2352: result: none needed
configure:2370: gcc -c -g -O2  conftest.c >&5
conftest.c:2: error: expected '=', ',', ';', 'asm' or '__attribute__' before 'me'
configure:2373: $? = 1
configure: failed program was:
| #ifndef __cplusplus
|   choke me
| #endif
configure:2493: checking for style of include used by make
configure:2521: result: GNU
configure:2549: checking dependency style of gcc
configure:2632: result: gcc3
configure:2661: checking for a BSD-compatible install
configure:2715: result: /bin/install -c
configure:2733: checking for pkg-config
configure:2751: found /usr/bin/pkg-config
configure:2764: result: /usr/bin/pkg-config
configure:2781: checking for glib-2.0
configure:2785: result: yes
configure:2789: checking GLIB_CFLAGS
configure:2792: result: -I/usr/include/glib-2.0 -I/usr/lib/glib-2.0/include  
configure:2795: checking GLIB_LIBS
configure:2798: result: -lglib-2.0  
configure:2969: creating ./config.status

## ---------------------- ##
## Running config.status. ##
## ---------------------- ##

This file was extended by config.status, which was
generated by GNU Autoconf 2.57.  Invocation command line was

  CONFIG_FILES    = 
  CONFIG_HEADERS  = 
  CONFIG_LINKS    = 
  CONFIG_COMMANDS = 
  $ ./config.status 

on cube

config.status:646: creating Makefile
config.status:646: creating src/Makefile
config.status:771: executing depfiles commands

## ---------------- ##
## Cache variables. ##
## ---------------- ##

ac_cv_c_compiler_gnu=yes
ac_cv_env_CC_set=
ac_cv_env_CC_value=
ac_cv_env_CFLAGS_set=
ac_cv_env_CFLAGS_value=
ac_cv_env_CPPFLAGS_set=
ac_cv_env_CPPFLAGS_value=
ac_cv_env_LDFLAGS_set=
ac_cv_env_LDFLAGS_value=
ac_cv_env_build_alias_set=
ac_cv_env_build_alias_value=
ac_cv_env_host_alias_set=
ac_cv_env_host_alias_value=
ac_cv_env_target_alias_set=
ac_cv_env_target_alias_value=
ac_cv_exeext=
ac_cv_objext=o
ac_cv_path_PKG_CONFIG=/usr/bin/pkg-config
ac_cv_path_install='/bin/install -c'
ac_cv_prog_AWK=gawk
ac_cv_prog_ac_ct_CC=gcc
ac_cv_prog_cc_g=yes
ac_cv_prog_cc_stdc=
ac_cv_prog_make_make_set=yes
am_cv_CC_dependencies_compiler_type=gcc3

## ----------------- ##
## Output variables. ##
## ----------------- ##

ACLOCAL='${SHELL} /home/kru/code/c/mpcstick/mpcstickorig-0.10.2/mpcstick-0.10.2/missing --run aclocal-1.7'
AMDEPBACKSLASH='\'
AMDEP_FALSE='#'
AMDEP_TRUE=''
AMTAR='${SHELL} /home/kru/code/c/mpcstick/mpcstickorig-0.10.2/mpcstick-0.10.2/missing --run tar'
AUTOCONF='${SHELL} /home/kru/code/c/mpcstick/mpcstickorig-0.10.2/mpcstick-0.10.2/missing --run autoconf'
AUTOHEADER='${SHELL} /home/kru/code/c/mpcstick/mpcstickorig-0.10.2/mpcstick-0.10.2/missing --run autoheader'
AUTOMAKE='${SHELL} /home/kru/code/c/mpcstick/mpcstickorig-0.10.2/mpcstick-0.10.2/missing --run automake-1.7'
AWK='gawk'
CC='gcc'
CCDEPMODE='depmode=gcc3'
CFLAGS='-g -O2'
CPPFLAGS=''
CYGPATH_W='echo'
DEFS='-DPACKAGE_NAME=\"\" -DPACKAGE_TARNAME=\"\" -DPACKAGE_VERSION=\"\" -DPACKAGE_STRING=\"\" -DPACKAGE_BUGREPORT=\"\" '
DEPDIR='.deps'
ECHO_C=''
ECHO_N='-n'
ECHO_T=''
EXEEXT=''
GLIB_CFLAGS='-I/usr/include/glib-2.0 -I/usr/lib/glib-2.0/include  '
GLIB_LIBS='-lglib-2.0  '
INSTALL_DATA='${INSTALL} -m 644'
INSTALL_PROGRAM='${INSTALL}'
INSTALL_SCRIPT='${INSTALL}'
INSTALL_STRIP_PROGRAM='${SHELL} $(install_sh) -c -s'
LDFLAGS=''
LIBOBJS=''
LIBS=''
LTLIBOBJS=''
MAKEINFO='${SHELL} /home/kru/code/c/mpcstick/mpcstickorig-0.10.2/mpcstick-0.10.2/missing --run makeinfo'
OBJEXT='o'
PACKAGE='mpcstick'
PACKAGE_BUGREPORT=''
PACKAGE_NAME=''
PACKAGE_STRING=''
PACKAGE_TARNAME=''
PACKAGE_VERSION=''
PATH_SEPARATOR=':'
PKG_CONFIG='/usr/bin/pkg-config'
SET_MAKE=''
SHELL='/bin/sh'
STRIP=''
VERSION='0.10.2'
ac_ct_CC='gcc'
ac_ct_STRIP=''
am__fastdepCC_FALSE='#'
am__fastdepCC_TRUE=''
am__include='include'
am__leading_dot='.'
am__quote=''
bindir='${exec_prefix}/bin'
build_alias=''
datadir='${prefix}/share'
exec_prefix='${prefix}'
host_alias=''
includedir='${prefix}/include'
infodir='${prefix}/info'
install_sh='/home/kru/code/c/mpcstick/mpcstickorig-0.10.2/mpcstick-0.10.2/install-sh'
libdir='${exec_prefix}/lib'
libexecdir='${exec_prefix}/libexec'
localstatedir='${prefix}/var'
mandir='${prefix}/man'
oldincludedir='/usr/include'
prefix='/usr/local'
program_transform_name='s,x,x,'
sbindir='${exec_prefix}/sbin'
sharedstatedir='${prefix}/com'
sysconfdir='${prefix}/etc'
target_alias=''

## ----------- ##
## confdefs.h. ##
## ----------- ##

#define PACKAGE_BUGREPORT ""
#define PACKAGE_NAME ""
#define PACKAGE_STRING ""
#define PACKAGE_TARNAME ""
#define PACKAGE_VERSION ""

configure: exit 0
