This file contains any messages produced by compilers while
running configure, to aid debugging if configure makes a mistake.

It was created by configure, which was
generated by GNU Autoconf 2.61.  Invocation command line was

  $ ./configure 

## --------- ##
## Platform. ##
## --------- ##

hostname = cube
uname -m = i686
uname -r = 2.6.24-ARCH
uname -s = Linux
uname -v = #1 SMP PREEMPT Sun Feb 10 15:21:33 UTC 2008

/usr/bin/uname -p = unknown
/bin/uname -X     = unknown

/bin/arch              = i686
/usr/bin/arch -k       = unknown
/usr/convex/getsysinfo = unknown
/usr/bin/hostinfo      = unknown
/bin/machine           = unknown
/usr/bin/oslevel       = unknown
/bin/universe          = unknown

PATH: /bin
PATH: /usr/bin
PATH: /usr/local/bin
PATH: /opt/bin
PATH: /usr/X11R6/bin
PATH: ~/bin
PATH: /bin
PATH: /usr/bin
PATH: /sbin
PATH: /usr/sbin
PATH: /usr/X11R6/bin
PATH: /opt/bin
PATH: /opt/java/jre/bin
PATH: /opt/mozilla/bin


## ----------- ##
## Core tests. ##
## ----------- ##

configure:1717: checking for a BSD-compatible install
configure:1773: result: /bin/install -c
configure:1784: checking whether build environment is sane
configure:1827: result: yes
configure:1860: checking for gawk
configure:1876: found /bin/gawk
configure:1887: result: gawk
configure:1898: checking whether make sets $(MAKE)
configure:1919: result: yes
configure:2139: checking for gcc
configure:2155: found /usr/bin/gcc
configure:2166: result: gcc
configure:2404: checking for C compiler version
configure:2411: gcc --version >&5
gcc (GCC) 4.2.3
Copyright (C) 2007 Free Software Foundation, Inc.
This is free software; see the source for copying conditions.  There is NO
warranty; not even for MERCHANTABILITY or FITNESS FOR A PARTICULAR PURPOSE.

configure:2414: $? = 0
configure:2421: gcc -v >&5
Using built-in specs.
Target: i686-pc-linux-gnu
Configured with: ../configure --prefix=/usr --enable-shared --enable-languages=c,c++,fortran,objc,obj-c++,treelang --enable-threads=posix --mandir=/usr/share/man --enable-__cxa_atexit --disable-multilib --libdir=/usr/lib --libexecdir=/usr/lib --enable-clocale=gnu --disable-libstdcxx-pch --with-tune=generic
Thread model: posix
gcc version 4.2.3
configure:2424: $? = 0
configure:2431: gcc -V >&5
gcc: '-V' option must have argument
configure:2434: $? = 1
configure:2457: checking for C compiler default output file name
configure:2484: gcc    conftest.c  >&5
configure:2487: $? = 0
configure:2525: result: a.out
configure:2542: checking whether the C compiler works
configure:2552: ./a.out
configure:2555: $? = 0
configure:2572: result: yes
configure:2579: checking whether we are cross compiling
configure:2581: result: no
configure:2584: checking for suffix of executables
configure:2591: gcc -o conftest    conftest.c  >&5
configure:2594: $? = 0
configure:2618: result: 
configure:2624: checking for suffix of object files
configure:2650: gcc -c   conftest.c >&5
configure:2653: $? = 0
configure:2676: result: o
configure:2680: checking whether we are using the GNU C compiler
configure:2709: gcc -c   conftest.c >&5
configure:2715: $? = 0
configure:2732: result: yes
configure:2737: checking whether gcc accepts -g
configure:2767: gcc -c -g  conftest.c >&5
configure:2773: $? = 0
configure:2872: result: yes
configure:2889: checking for gcc option to accept ISO C89
configure:2963: gcc  -c -g -O2  conftest.c >&5
configure:2969: $? = 0
configure:2992: result: none needed
configure:3021: checking for style of include used by make
configure:3049: result: GNU
configure:3077: checking dependency style of gcc
configure:3160: result: gcc3
configure:3190: checking for a BSD-compatible install
configure:3246: result: /bin/install -c
configure:3264: checking for pkg-config
configure:3282: found /usr/bin/pkg-config
configure:3295: result: /usr/bin/pkg-config
configure:3313: checking for glib-2.0
configure:3317: result: yes
configure:3321: checking GLIB_CFLAGS
configure:3324: result: -I/usr/include/glib-2.0 -I/usr/lib/glib-2.0/include  
configure:3327: checking GLIB_LIBS
configure:3330: result: -lglib-2.0  
configure:3506: creating ./config.status

## ---------------------- ##
## Running config.status. ##
## ---------------------- ##

This file was extended by config.status, which was
generated by GNU Autoconf 2.61.  Invocation command line was

  CONFIG_FILES    = 
  CONFIG_HEADERS  = 
  CONFIG_LINKS    = 
  CONFIG_COMMANDS = 
  $ ./config.status 

on cube

config.status:614: creating Makefile
config.status:749: WARNING:  Makefile.in seems to ignore the --datarootdir setting
config.status:614: creating src/Makefile
config.status:749: WARNING:  src/Makefile.in seems to ignore the --datarootdir setting
config.status:799: executing depfiles commands

## ---------------- ##
## Cache variables. ##
## ---------------- ##

ac_cv_c_compiler_gnu=yes
ac_cv_env_CC_set=
ac_cv_env_CC_value=
ac_cv_env_CFLAGS_set=
ac_cv_env_CFLAGS_value=
ac_cv_env_CPPFLAGS_set=
ac_cv_env_CPPFLAGS_value=
ac_cv_env_LDFLAGS_set=
ac_cv_env_LDFLAGS_value=
ac_cv_env_LIBS_set=
ac_cv_env_LIBS_value=
ac_cv_env_build_alias_set=
ac_cv_env_build_alias_value=
ac_cv_env_host_alias_set=
ac_cv_env_host_alias_value=
ac_cv_env_target_alias_set=
ac_cv_env_target_alias_value=
ac_cv_objext=o
ac_cv_path_PKG_CONFIG=/usr/bin/pkg-config
ac_cv_path_install='/bin/install -c'
ac_cv_prog_AWK=gawk
ac_cv_prog_ac_ct_CC=gcc
ac_cv_prog_cc_c89=
ac_cv_prog_cc_g=yes
ac_cv_prog_make_make_set=yes
am_cv_CC_dependencies_compiler_type=gcc3

## ----------------- ##
## Output variables. ##
## ----------------- ##

ACLOCAL='${SHELL} /home/kru/mpcstick-0.10.2/missing --run aclocal-1.7'
AMDEPBACKSLASH='\'
AMDEP_FALSE='#'
AMDEP_TRUE=''
AMTAR='${SHELL} /home/kru/mpcstick-0.10.2/missing --run tar'
AUTOCONF='${SHELL} /home/kru/mpcstick-0.10.2/missing --run autoconf'
AUTOHEADER='${SHELL} /home/kru/mpcstick-0.10.2/missing --run autoheader'
AUTOMAKE='${SHELL} /home/kru/mpcstick-0.10.2/missing --run automake-1.7'
AWK='gawk'
CC='gcc'
CCDEPMODE='depmode=gcc3'
CFLAGS='-g -O2'
CPPFLAGS=''
CYGPATH_W='echo'
DEFS='-DPACKAGE_NAME=\"\" -DPACKAGE_TARNAME=\"\" -DPACKAGE_VERSION=\"\" -DPACKAGE_STRING=\"\" -DPACKAGE_BUGREPORT=\"\"'
DEPDIR='.deps'
ECHO_C=''
ECHO_N='-n'
ECHO_T=''
EXEEXT=''
GLIB_CFLAGS='-I/usr/include/glib-2.0 -I/usr/lib/glib-2.0/include  '
GLIB_LIBS='-lglib-2.0  '
INSTALL_DATA='${INSTALL} -m 644'
INSTALL_PROGRAM='${INSTALL}'
INSTALL_SCRIPT='${INSTALL}'
INSTALL_STRIP_PROGRAM='${SHELL} $(install_sh) -c -s'
LDFLAGS=''
LIBOBJS=''
LIBS=''
LTLIBOBJS=''
MAKEINFO='${SHELL} /home/kru/mpcstick-0.10.2/missing --run makeinfo'
OBJEXT='o'
PACKAGE='mpcstick'
PACKAGE_BUGREPORT=''
PACKAGE_NAME=''
PACKAGE_STRING=''
PACKAGE_TARNAME=''
PACKAGE_VERSION=''
PATH_SEPARATOR=':'
PKG_CONFIG='/usr/bin/pkg-config'
SET_MAKE=''
SHELL='/bin/sh'
STRIP=''
VERSION='0.10.2-kru'
ac_ct_CC='gcc'
am__fastdepCC_FALSE='#'
am__fastdepCC_TRUE=''
am__include='include'
am__leading_dot='.'
am__quote=''
bindir='${exec_prefix}/bin'
build_alias=''
datadir='${datarootdir}'
datarootdir='${prefix}/share'
docdir='${datarootdir}/doc/${PACKAGE}'
dvidir='${docdir}'
exec_prefix='${prefix}'
host_alias=''
htmldir='${docdir}'
includedir='${prefix}/include'
infodir='${datarootdir}/info'
install_sh='/home/kru/mpcstick-0.10.2/install-sh'
libdir='${exec_prefix}/lib'
libexecdir='${exec_prefix}/libexec'
localedir='${datarootdir}/locale'
localstatedir='${prefix}/var'
mandir='${datarootdir}/man'
oldincludedir='/usr/include'
pdfdir='${docdir}'
prefix='/usr/local'
program_transform_name='s,x,x,'
psdir='${docdir}'
sbindir='${exec_prefix}/sbin'
sharedstatedir='${prefix}/com'
sysconfdir='${prefix}/etc'
target_alias=''

## ----------- ##
## confdefs.h. ##
## ----------- ##

#define PACKAGE_NAME ""
#define PACKAGE_TARNAME ""
#define PACKAGE_VERSION ""
#define PACKAGE_STRING ""
#define PACKAGE_BUGREPORT ""

configure: exit 0
