This file contains any messages produced by compilers while
running configure, to aid debugging if configure makes a mistake.

It was created by configure, which was
generated by GNU Autoconf 2.59.  Invocation command line was

  $ ./configure 

## --------- ##
## Platform. ##
## --------- ##

hostname = w0rkstation
uname -m = i686
uname -r = 2.6.11
uname -s = Linux
uname -v = #5 SMP Sat Mar 12 17:16:59 CET 2005

/usr/bin/uname -p = unknown
/bin/uname -X     = unknown

/bin/arch              = i686
/usr/bin/arch -k       = unknown
/usr/convex/getsysinfo = unknown
hostinfo               = unknown
/bin/machine           = unknown
/usr/bin/oslevel       = unknown
/bin/universe          = unknown

PATH: /usr/local/sbin
PATH: /usr/local/bin
PATH: /sbin
PATH: /usr/sbin
PATH: /bin
PATH: /usr/bin


## ----------- ##
## Core tests. ##
## ----------- ##

configure:1544: checking for a BSD-compatible install
configure:1599: result: /usr/bin/ginstall -c
configure:1610: checking whether build environment is sane
configure:1653: result: yes
configure:1718: checking for gawk
configure:1734: found /bin/gawk
configure:1744: result: gawk
configure:1754: checking whether make sets $(MAKE)
configure:1774: result: yes
configure:1992: checking for gcc
configure:2008: found /usr/bin/gcc
configure:2018: result: gcc
configure:2262: checking for C compiler version
configure:2265: gcc --version </dev/null >&5
gcc (GCC) 3.3.6
Copyright (C) 2003 Free Software Foundation, Inc.
This is free software; see the source for copying conditions.  There is NO
warranty; not even for MERCHANTABILITY or FITNESS FOR A PARTICULAR PURPOSE.

configure:2268: $? = 0
configure:2270: gcc -v </dev/null >&5
Reading specs from /usr/lib/gcc-lib/i486-slackware-linux/3.3.6/specs
Configured with: ../gcc-3.3.6/configure --prefix=/usr --enable-shared --enable-threads=posix --enable-__cxa_atexit --disable-checking --with-gnu-ld --verbose --target=i486-slackware-linux --host=i486-slackware-linux
Thread model: posix
gcc version 3.3.6
configure:2273: $? = 0
configure:2275: gcc -V </dev/null >&5
gcc: `-V' option must have argument
configure:2278: $? = 1
configure:2301: checking for C compiler default output file name
configure:2304: gcc    conftest.c  >&5
configure:2307: $? = 0
configure:2353: result: a.out
configure:2358: checking whether the C compiler works
configure:2364: ./a.out
configure:2367: $? = 0
configure:2384: result: yes
configure:2391: checking whether we are cross compiling
configure:2393: result: no
configure:2396: checking for suffix of executables
configure:2398: gcc -o conftest    conftest.c  >&5
configure:2401: $? = 0
configure:2426: result: 
configure:2432: checking for suffix of object files
configure:2453: gcc -c   conftest.c >&5
configure:2456: $? = 0
configure:2478: result: o
configure:2482: checking whether we are using the GNU C compiler
configure:2506: gcc -c   conftest.c >&5
configure:2512: $? = 0
configure:2516: test -z 
			 || test ! -s conftest.err
configure:2519: $? = 0
configure:2522: test -s conftest.o
configure:2525: $? = 0
configure:2538: result: yes
configure:2544: checking whether gcc accepts -g
configure:2565: gcc -c -g  conftest.c >&5
configure:2571: $? = 0
configure:2575: test -z 
			 || test ! -s conftest.err
configure:2578: $? = 0
configure:2581: test -s conftest.o
configure:2584: $? = 0
configure:2595: result: yes
configure:2612: checking for gcc option to accept ANSI C
configure:2682: gcc  -c -g -O2  conftest.c >&5
configure:2688: $? = 0
configure:2692: test -z 
			 || test ! -s conftest.err
configure:2695: $? = 0
configure:2698: test -s conftest.o
configure:2701: $? = 0
configure:2719: result: none needed
configure:2737: gcc -c -g -O2  conftest.c >&5
conftest.c:2: error: syntax error before "me"
configure:2743: $? = 1
configure: failed program was:
| #ifndef __cplusplus
|   choke me
| #endif
configure:2887: checking for style of include used by make
configure:2915: result: GNU
configure:2943: checking dependency style of gcc
configure:3033: result: gcc3
configure:3056: checking whether make sets $(MAKE)
configure:3076: result: yes
configure:3098: checking for a BSD-compatible install
configure:3153: result: /usr/bin/ginstall -c
configure:3242: checking build system type
configure:3260: result: i686-pc-linux-gnu
configure:3268: checking host system type
configure:3282: result: i686-pc-linux-gnu
configure:3290: checking for a sed that does not truncate output
configure:3344: result: /bin/sed
configure:3347: checking for egrep
configure:3357: result: grep -E
configure:3373: checking for ld used by gcc
configure:3440: result: /usr/i486-slackware-linux/bin/ld
configure:3449: checking if the linker (/usr/i486-slackware-linux/bin/ld) is GNU ld
configure:3464: result: yes
configure:3469: checking for /usr/i486-slackware-linux/bin/ld option to reload object files
configure:3476: result: -r
configure:3494: checking for BSD-compatible nm
configure:3536: result: /usr/bin/nm -B
configure:3540: checking whether ln -s works
configure:3544: result: yes
configure:3551: checking how to recognise dependent libraries
configure:3723: result: pass_all
configure:3937: checking how to run the C preprocessor
configure:3972: gcc -E  conftest.c
configure:3978: $? = 0
configure:4010: gcc -E  conftest.c
conftest.c:11:28: ac_nonexistent.h: No such file or directory
configure:4016: $? = 1
configure: failed program was:
| /* confdefs.h.  */
| 
| #define PACKAGE_NAME ""
| #define PACKAGE_TARNAME ""
| #define PACKAGE_VERSION ""
| #define PACKAGE_STRING ""
| #define PACKAGE_BUGREPORT ""
| #define PACKAGE "bot"
| #define VERSION "0.01a"
| /* end confdefs.h.  */
| #include <ac_nonexistent.h>
configure:4055: result: gcc -E
configure:4079: gcc -E  conftest.c
configure:4085: $? = 0
configure:4117: gcc -E  conftest.c
conftest.c:11:28: ac_nonexistent.h: No such file or directory
configure:4123: $? = 1
configure: failed program was:
| /* confdefs.h.  */
| 
| #define PACKAGE_NAME ""
| #define PACKAGE_TARNAME ""
| #define PACKAGE_VERSION ""
| #define PACKAGE_STRING ""
| #define PACKAGE_BUGREPORT ""
| #define PACKAGE "bot"
| #define VERSION "0.01a"
| /* end confdefs.h.  */
| #include <ac_nonexistent.h>
configure:4167: checking for ANSI C header files
configure:4192: gcc -c -g -O2  conftest.c >&5
configure:4198: $? = 0
configure:4202: test -z 
			 || test ! -s conftest.err
configure:4205: $? = 0
configure:4208: test -s conftest.o
configure:4211: $? = 0
configure:4300: gcc -o conftest -g -O2   conftest.c  >&5
configure:4303: $? = 0
configure:4305: ./conftest
configure:4308: $? = 0
configure:4323: result: yes
configure:4347: checking for sys/types.h
configure:4363: gcc -c -g -O2  conftest.c >&5
configure:4369: $? = 0
configure:4373: test -z 
			 || test ! -s conftest.err
configure:4376: $? = 0
configure:4379: test -s conftest.o
configure:4382: $? = 0
configure:4393: result: yes
configure:4347: checking for sys/stat.h
configure:4363: gcc -c -g -O2  conftest.c >&5
configure:4369: $? = 0
configure:4373: test -z 
			 || test ! -s conftest.err
configure:4376: $? = 0
configure:4379: test -s conftest.o
configure:4382: $? = 0
configure:4393: result: yes
configure:4347: checking for stdlib.h
configure:4363: gcc -c -g -O2  conftest.c >&5
configure:4369: $? = 0
configure:4373: test -z 
			 || test ! -s conftest.err
configure:4376: $? = 0
configure:4379: test -s conftest.o
configure:4382: $? = 0
configure:4393: result: yes
configure:4347: checking for string.h
configure:4363: gcc -c -g -O2  conftest.c >&5
configure:4369: $? = 0
configure:4373: test -z 
			 || test ! -s conftest.err
configure:4376: $? = 0
configure:4379: test -s conftest.o
configure:4382: $? = 0
configure:4393: result: yes
configure:4347: checking for memory.h
configure:4363: gcc -c -g -O2  conftest.c >&5
configure:4369: $? = 0
configure:4373: test -z 
			 || test ! -s conftest.err
configure:4376: $? = 0
configure:4379: test -s conftest.o
configure:4382: $? = 0
configure:4393: result: yes
configure:4347: checking for strings.h
configure:4363: gcc -c -g -O2  conftest.c >&5
configure:4369: $? = 0
configure:4373: test -z 
			 || test ! -s conftest.err
configure:4376: $? = 0
configure:4379: test -s conftest.o
configure:4382: $? = 0
configure:4393: result: yes
configure:4347: checking for inttypes.h
configure:4363: gcc -c -g -O2  conftest.c >&5
configure:4369: $? = 0
configure:4373: test -z 
			 || test ! -s conftest.err
configure:4376: $? = 0
configure:4379: test -s conftest.o
configure:4382: $? = 0
configure:4393: result: yes
configure:4347: checking for stdint.h
configure:4363: gcc -c -g -O2  conftest.c >&5
configure:4369: $? = 0
configure:4373: test -z 
			 || test ! -s conftest.err
configure:4376: $? = 0
configure:4379: test -s conftest.o
configure:4382: $? = 0
configure:4393: result: yes
configure:4347: checking for unistd.h
configure:4363: gcc -c -g -O2  conftest.c >&5
configure:4369: $? = 0
configure:4373: test -z 
			 || test ! -s conftest.err
configure:4376: $? = 0
configure:4379: test -s conftest.o
configure:4382: $? = 0
configure:4393: result: yes
configure:4419: checking dlfcn.h usability
configure:4431: gcc -c -g -O2  conftest.c >&5
configure:4437: $? = 0
configure:4441: test -z 
			 || test ! -s conftest.err
configure:4444: $? = 0
configure:4447: test -s conftest.o
configure:4450: $? = 0
configure:4460: result: yes
configure:4464: checking dlfcn.h presence
configure:4474: gcc -E  conftest.c
configure:4480: $? = 0
configure:4500: result: yes
configure:4535: checking for dlfcn.h
configure:4542: result: yes
configure:4607: checking for g++
configure:4623: found /usr/bin/g++
configure:4633: result: g++
configure:4649: checking for C++ compiler version
configure:4652: g++ --version </dev/null >&5
g++ (GCC) 3.3.6
Copyright (C) 2003 Free Software Foundation, Inc.
This is free software; see the source for copying conditions.  There is NO
warranty; not even for MERCHANTABILITY or FITNESS FOR A PARTICULAR PURPOSE.

configure:4655: $? = 0
configure:4657: g++ -v </dev/null >&5
Reading specs from /usr/lib/gcc-lib/i486-slackware-linux/3.3.6/specs
Configured with: ../gcc-3.3.6/configure --prefix=/usr --enable-shared --enable-threads=posix --enable-__cxa_atexit --disable-checking --with-gnu-ld --verbose --target=i486-slackware-linux --host=i486-slackware-linux
Thread model: posix
gcc version 3.3.6
configure:4660: $? = 0
configure:4662: g++ -V </dev/null >&5
g++: `-V' option must have argument
configure:4665: $? = 1
configure:4668: checking whether we are using the GNU C++ compiler
configure:4692: g++ -c   conftest.cc >&5
configure:4698: $? = 0
configure:4702: test -z 
			 || test ! -s conftest.err
configure:4705: $? = 0
configure:4708: test -s conftest.o
configure:4711: $? = 0
configure:4724: result: yes
configure:4730: checking whether g++ accepts -g
configure:4751: g++ -c -g  conftest.cc >&5
configure:4757: $? = 0
configure:4761: test -z 
			 || test ! -s conftest.err
configure:4764: $? = 0
configure:4767: test -s conftest.o
configure:4770: $? = 0
configure:4781: result: yes
configure:4823: g++ -c -g -O2  conftest.cc >&5
configure:4829: $? = 0
configure:4833: test -z 
			 || test ! -s conftest.err
configure:4836: $? = 0
configure:4839: test -s conftest.o
configure:4842: $? = 0
configure:4868: g++ -c -g -O2  conftest.cc >&5
conftest.cc: In function `int main()':
conftest.cc:26: error: `exit' undeclared (first use this function)
conftest.cc:26: error: (Each undeclared identifier is reported only once for 
   each function it appears in.)
configure:4874: $? = 1
configure: failed program was:
| /* confdefs.h.  */
| 
| #define PACKAGE_NAME ""
| #define PACKAGE_TARNAME ""
| #define PACKAGE_VERSION ""
| #define PACKAGE_STRING ""
| #define PACKAGE_BUGREPORT ""
| #define PACKAGE "bot"
| #define VERSION "0.01a"
| #define STDC_HEADERS 1
| #define HAVE_SYS_TYPES_H 1
| #define HAVE_SYS_STAT_H 1
| #define HAVE_STDLIB_H 1
| #define HAVE_STRING_H 1
| #define HAVE_MEMORY_H 1
| #define HAVE_STRINGS_H 1
| #define HAVE_INTTYPES_H 1
| #define HAVE_STDINT_H 1
| #define HAVE_UNISTD_H 1
| #define HAVE_DLFCN_H 1
| /* end confdefs.h.  */
| 
| int
| main ()
| {
| exit (42);
|   ;
|   return 0;
| }
configure:4823: g++ -c -g -O2  conftest.cc >&5
configure:4829: $? = 0
configure:4833: test -z 
			 || test ! -s conftest.err
configure:4836: $? = 0
configure:4839: test -s conftest.o
configure:4842: $? = 0
configure:4868: g++ -c -g -O2  conftest.cc >&5
configure:4874: $? = 0
configure:4878: test -z 
			 || test ! -s conftest.err
configure:4881: $? = 0
configure:4884: test -s conftest.o
configure:4887: $? = 0
configure:4912: checking dependency style of g++
configure:5002: result: gcc3
configure:5029: checking how to run the C++ preprocessor
configure:5060: g++ -E  conftest.cc
configure:5066: $? = 0
configure:5098: g++ -E  conftest.cc
conftest.cc:25:28: ac_nonexistent.h: No such file or directory
configure:5104: $? = 1
configure: failed program was:
| /* confdefs.h.  */
| 
| #define PACKAGE_NAME ""
| #define PACKAGE_TARNAME ""
| #define PACKAGE_VERSION ""
| #define PACKAGE_STRING ""
| #define PACKAGE_BUGREPORT ""
| #define PACKAGE "bot"
| #define VERSION "0.01a"
| #define STDC_HEADERS 1
| #define HAVE_SYS_TYPES_H 1
| #define HAVE_SYS_STAT_H 1
| #define HAVE_STDLIB_H 1
| #define HAVE_STRING_H 1
| #define HAVE_MEMORY_H 1
| #define HAVE_STRINGS_H 1
| #define HAVE_INTTYPES_H 1
| #define HAVE_STDINT_H 1
| #define HAVE_UNISTD_H 1
| #define HAVE_DLFCN_H 1
| #ifdef __cplusplus
| extern "C" void std::exit (int) throw (); using std::exit;
| #endif
| /* end confdefs.h.  */
| #include <ac_nonexistent.h>
configure:5143: result: g++ -E
configure:5167: g++ -E  conftest.cc
configure:5173: $? = 0
configure:5205: g++ -E  conftest.cc
conftest.cc:25:28: ac_nonexistent.h: No such file or directory
configure:5211: $? = 1
configure: failed program was:
| /* confdefs.h.  */
| 
| #define PACKAGE_NAME ""
| #define PACKAGE_TARNAME ""
| #define PACKAGE_VERSION ""
| #define PACKAGE_STRING ""
| #define PACKAGE_BUGREPORT ""
| #define PACKAGE "bot"
| #define VERSION "0.01a"
| #define STDC_HEADERS 1
| #define HAVE_SYS_TYPES_H 1
| #define HAVE_SYS_STAT_H 1
| #define HAVE_STDLIB_H 1
| #define HAVE_STRING_H 1
| #define HAVE_MEMORY_H 1
| #define HAVE_STRINGS_H 1
| #define HAVE_INTTYPES_H 1
| #define HAVE_STDINT_H 1
| #define HAVE_UNISTD_H 1
| #define HAVE_DLFCN_H 1
| #ifdef __cplusplus
| extern "C" void std::exit (int) throw (); using std::exit;
| #endif
| /* end confdefs.h.  */
| #include <ac_nonexistent.h>
configure:5308: checking for g77
configure:5337: result: no
configure:5308: checking for f77
configure:5337: result: no
configure:5308: checking for xlf
configure:5337: result: no
configure:5308: checking for frt
configure:5337: result: no
configure:5308: checking for pgf77
configure:5337: result: no
configure:5308: checking for fort77
configure:5337: result: no
configure:5308: checking for fl32
configure:5337: result: no
configure:5308: checking for af77
configure:5337: result: no
configure:5308: checking for f90
configure:5337: result: no
configure:5308: checking for xlf90
configure:5337: result: no
configure:5308: checking for pgf90
configure:5337: result: no
configure:5308: checking for epcf90
configure:5337: result: no
configure:5308: checking for f95
configure:5337: result: no
configure:5308: checking for fort
configure:5337: result: no
configure:5308: checking for xlf95
configure:5337: result: no
configure:5308: checking for ifc
configure:5337: result: no
configure:5308: checking for efc
configure:5337: result: no
configure:5308: checking for pgf95
configure:5337: result: no
configure:5308: checking for lf95
configure:5337: result: no
configure:5308: checking for gfortran
configure:5337: result: no
configure:5349: checking for Fortran 77 compiler version
configure:5352:  --version </dev/null >&5
./configure: line 5353: --version: command not found
configure:5355: $? = 127
configure:5357:  -v </dev/null >&5
./configure: line 5358: -v: command not found
configure:5360: $? = 127
configure:5362:  -V </dev/null >&5
./configure: line 5363: -V: command not found
configure:5365: $? = 127
configure:5373: checking whether we are using the GNU Fortran 77 compiler
configure:5387:  -c  conftest.F >&5
./configure: line 5388: -c: command not found
configure:5393: $? = 127
configure: failed program was:
|       program main
| #ifndef __GNUC__
|        choke me
| #endif
| 
|       end
configure:5419: result: no
configure:5425: checking whether  accepts -g
configure:5437:  -c -g conftest.f >&5
./configure: line 5438: -c: command not found
configure:5443: $? = 127
configure: failed program was:
|       program main
| 
|       end
configure:5468: result: no
configure:5498: checking the maximum length of command line arguments
configure:5589: result: 32768
configure:5600: checking command to parse /usr/bin/nm -B output from gcc object
configure:5696: gcc -c -g -O2  conftest.c >&5
configure:5699: $? = 0
configure:5703: /usr/bin/nm -B conftest.o \| sed -n -e 's/^.*[ 	]\([ABCDGIRSTW][ABCDGIRSTW]*\)[ 	][ 	]*\([_A-Za-z][_A-Za-z0-9]*\)$/\1 \2 \2/p' \> conftest.nm
configure:5706: $? = 0
configure:5758: gcc -o conftest -g -O2   conftest.c conftstm.o >&5
configure:5761: $? = 0
configure:5799: result: ok
configure:5803: checking for objdir
configure:5818: result: .libs
configure:5908: checking for ar
configure:5924: found /usr/bin/ar
configure:5935: result: ar
configure:5988: checking for ranlib
configure:6004: found /usr/bin/ranlib
configure:6015: result: ranlib
configure:6068: checking for strip
configure:6084: found /usr/bin/strip
configure:6095: result: strip
configure:6359: checking if gcc static flag  works
configure:6382: result: yes
configure:6400: checking if gcc supports -fno-rtti -fno-exceptions
configure:6418: gcc -c -g -O2  -fno-rtti -fno-exceptions conftest.c >&5
cc1: warning: "-fno-rtti" is valid for C++ but not for C/ObjC
configure:6422: $? = 0
configure:6433: result: no
configure:6448: checking for gcc option to produce PIC
configure:6647: result: -fPIC
configure:6655: checking if gcc PIC flag -fPIC works
configure:6673: gcc -c -g -O2  -fPIC -DPIC conftest.c >&5
configure:6677: $? = 0
configure:6688: result: yes
configure:6712: checking if gcc supports -c -o file.o
configure:6733: gcc -c -g -O2  -o out/conftest2.o conftest.c >&5
configure:6737: $? = 0
configure:6757: result: yes
configure:6783: checking whether the gcc linker (/usr/i486-slackware-linux/bin/ld) supports shared libraries
configure:7645: result: yes
configure:7671: checking whether -lc should be explicitly linked in
configure:7676: gcc -c -g -O2  conftest.c >&5
configure:7679: $? = 0
configure:7693: gcc -shared conftest.o  -v -Wl,-soname -Wl,conftest -o conftest 2\>\&1 \| grep  -lc  \>/dev/null 2\>\&1
configure:7696: $? = 0
configure:7708: result: no
configure:7716: checking dynamic linker characteristics
configure:8258: result: GNU/Linux ld.so
configure:8262: checking how to hardcode library paths into programs
configure:8287: result: immediate
configure:8301: checking whether stripping libraries is possible
configure:8306: result: yes
configure:9136: checking if libtool supports shared libraries
configure:9138: result: yes
configure:9141: checking whether to build shared libraries
configure:9162: result: yes
configure:9165: checking whether to build static libraries
configure:9169: result: yes
configure:9261: creating libtool
configure:9816: checking for ld used by g++
configure:9883: result: /usr/i486-slackware-linux/bin/ld
configure:9892: checking if the linker (/usr/i486-slackware-linux/bin/ld) is GNU ld
configure:9907: result: yes
configure:9958: checking whether the g++ linker (/usr/i486-slackware-linux/bin/ld) supports shared libraries
configure:10840: result: yes
configure:10858: g++ -c -g -O2  conftest.cc >&5
configure:10861: $? = 0
configure:10957: checking for g++ option to produce PIC
configure:11225: result: -fPIC
configure:11233: checking if g++ PIC flag -fPIC works
configure:11251: g++ -c -g -O2  -fPIC -DPIC conftest.cc >&5
configure:11255: $? = 0
configure:11266: result: yes
configure:11290: checking if g++ supports -c -o file.o
configure:11311: g++ -c -g -O2  -o out/conftest2.o conftest.cc >&5
configure:11315: $? = 0
configure:11335: result: yes
configure:11361: checking whether the g++ linker (/usr/i486-slackware-linux/bin/ld) supports shared libraries
configure:11386: result: yes
configure:11457: checking dynamic linker characteristics
configure:11999: result: GNU/Linux ld.so
configure:12003: checking how to hardcode library paths into programs
configure:12028: result: immediate
configure:12042: checking whether stripping libraries is possible
configure:12047: result: yes
configure:19383: checking for pthread_create in -lpthread
configure:19413: gcc -o conftest -g -O2   conftest.c -lpthread   >&5
configure:19419: $? = 0
configure:19423: test -z 
			 || test ! -s conftest.err
configure:19426: $? = 0
configure:19429: test -s conftest
configure:19432: $? = 0
configure:19445: result: yes
configure:19457: checking for dlopen in -ldl
configure:19487: gcc -o conftest -g -O2   conftest.c -ldl  -lpthread  >&5
configure:19493: $? = 0
configure:19497: test -z 
			 || test ! -s conftest.err
configure:19500: $? = 0
configure:19503: test -s conftest
configure:19506: $? = 0
configure:19519: result: yes
configure:19531: checking for Tcl_CreateInterp in -ltcl
configure:19561: gcc -o conftest -g -O2   conftest.c -ltcl  -ldl -lpthread  >&5
configure:19567: $? = 0
configure:19571: test -z 
			 || test ! -s conftest.err
configure:19574: $? = 0
configure:19577: test -s conftest
configure:19580: $? = 0
configure:19593: result: yes
configure:19605: checking for SSL_library_init in -lssl
configure:19635: gcc -o conftest -g -O2   conftest.c -lssl  -ltcl -ldl -lpthread  >&5
configure:19641: $? = 0
configure:19645: test -z 
			 || test ! -s conftest.err
configure:19648: $? = 0
configure:19651: test -s conftest
configure:19654: $? = 0
configure:19667: result: yes
configure:19680: checking whether to enable debugging mode
configure:19697: result: no
configure:19832: creating ./config.status

## ---------------------- ##
## Running config.status. ##
## ---------------------- ##

This file was extended by config.status, which was
generated by GNU Autoconf 2.59.  Invocation command line was

  CONFIG_FILES    = 
  CONFIG_HEADERS  = 
  CONFIG_LINKS    = 
  CONFIG_COMMANDS = 
  $ ./config.status 

on w0rkstation

config.status:719: creating Makefile
config.status:719: creating src/Makefile
config.status:719: creating src/plugins/Makefile
config.status:719: creating src/plugins/double_nick/Makefile
config.status:719: creating src/plugins/seen/Makefile
config.status:823: creating config.h
config.status:939: config.h is unchanged
config.status:1119: executing depfiles commands

## ---------------- ##
## Cache variables. ##
## ---------------- ##

ac_cv_build=i686-pc-linux-gnu
ac_cv_build_alias=i686-pc-linux-gnu
ac_cv_c_compiler_gnu=yes
ac_cv_cxx_compiler_gnu=yes
ac_cv_debug=no
ac_cv_env_CC_set=
ac_cv_env_CC_value=
ac_cv_env_CFLAGS_set=
ac_cv_env_CFLAGS_value=
ac_cv_env_CPPFLAGS_set=
ac_cv_env_CPPFLAGS_value=
ac_cv_env_CPP_set=
ac_cv_env_CPP_value=
ac_cv_env_CXXCPP_set=
ac_cv_env_CXXCPP_value=
ac_cv_env_CXXFLAGS_set=
ac_cv_env_CXXFLAGS_value=
ac_cv_env_CXX_set=
ac_cv_env_CXX_value=
ac_cv_env_F77_set=
ac_cv_env_F77_value=
ac_cv_env_FFLAGS_set=
ac_cv_env_FFLAGS_value=
ac_cv_env_LDFLAGS_set=
ac_cv_env_LDFLAGS_value=
ac_cv_env_build_alias_set=
ac_cv_env_build_alias_value=
ac_cv_env_host_alias_set=
ac_cv_env_host_alias_value=
ac_cv_env_target_alias_set=
ac_cv_env_target_alias_value=
ac_cv_exeext=
ac_cv_f77_compiler_gnu=no
ac_cv_header_dlfcn_h=yes
ac_cv_header_inttypes_h=yes
ac_cv_header_memory_h=yes
ac_cv_header_stdc=yes
ac_cv_header_stdint_h=yes
ac_cv_header_stdlib_h=yes
ac_cv_header_string_h=yes
ac_cv_header_strings_h=yes
ac_cv_header_sys_stat_h=yes
ac_cv_header_sys_types_h=yes
ac_cv_header_unistd_h=yes
ac_cv_host=i686-pc-linux-gnu
ac_cv_host_alias=i686-pc-linux-gnu
ac_cv_lib_dl_dlopen=yes
ac_cv_lib_pthread_pthread_create=yes
ac_cv_lib_ssl_SSL_library_init=yes
ac_cv_lib_tcl_Tcl_CreateInterp=yes
ac_cv_objext=o
ac_cv_path_install='/usr/bin/ginstall -c'
ac_cv_prog_AWK=gawk
ac_cv_prog_CPP='gcc -E'
ac_cv_prog_CXXCPP='g++ -E'
ac_cv_prog_ac_ct_AR=ar
ac_cv_prog_ac_ct_CC=gcc
ac_cv_prog_ac_ct_CXX=g++
ac_cv_prog_ac_ct_RANLIB=ranlib
ac_cv_prog_ac_ct_STRIP=strip
ac_cv_prog_cc_g=yes
ac_cv_prog_cc_stdc=
ac_cv_prog_cxx_g=yes
ac_cv_prog_egrep='grep -E'
ac_cv_prog_f77_g=no
ac_cv_prog_make_make_set=yes
am_cv_CC_dependencies_compiler_type=gcc3
am_cv_CXX_dependencies_compiler_type=gcc3
lt_cv_deplibs_check_method=pass_all
lt_cv_file_magic_cmd='$MAGIC_CMD'
lt_cv_file_magic_test_file=
lt_cv_ld_reload_flag=-r
lt_cv_objdir=.libs
lt_cv_path_LD=/usr/i486-slackware-linux/bin/ld
lt_cv_path_LDCXX=/usr/i486-slackware-linux/bin/ld
lt_cv_path_NM='/usr/bin/nm -B'
lt_cv_path_SED=/bin/sed
lt_cv_prog_compiler_c_o=yes
lt_cv_prog_compiler_c_o_CXX=yes
lt_cv_prog_compiler_rtti_exceptions=no
lt_cv_prog_gnu_ld=yes
lt_cv_prog_gnu_ldcxx=yes
lt_cv_sys_global_symbol_pipe='sed -n -e '\''s/^.*[ 	]\([ABCDGIRSTW][ABCDGIRSTW]*\)[ 	][ 	]*\([_A-Za-z][_A-Za-z0-9]*\)$/\1 \2 \2/p'\'''
lt_cv_sys_global_symbol_to_c_name_address='sed -n -e '\''s/^: \([^ ]*\) $/  {\"\1\", (lt_ptr) 0},/p'\'' -e '\''s/^[BCDEGRST] \([^ ]*\) \([^ ]*\)$/  {"\2", (lt_ptr) \&\2},/p'\'''
lt_cv_sys_global_symbol_to_cdecl='sed -n -e '\''s/^. .* \(.*\)$/extern int \1;/p'\'''
lt_cv_sys_max_cmd_len=32768
lt_lt_cv_prog_compiler_c_o='"yes"'
lt_lt_cv_prog_compiler_c_o_CXX='"yes"'
lt_lt_cv_sys_global_symbol_pipe='"sed -n -e '\''s/^.*[ 	]\\([ABCDGIRSTW][ABCDGIRSTW]*\\)[ 	][ 	]*\\([_A-Za-z][_A-Za-z0-9]*\\)\$/\\1 \\2 \\2/p'\''"'
lt_lt_cv_sys_global_symbol_to_c_name_address='"sed -n -e '\''s/^: \\([^ ]*\\) \$/  {\\\"\\1\\\", (lt_ptr) 0},/p'\'' -e '\''s/^[BCDEGRST] \\([^ ]*\\) \\([^ ]*\\)\$/  {\"\\2\", (lt_ptr) \\&\\2},/p'\''"'
lt_lt_cv_sys_global_symbol_to_cdecl='"sed -n -e '\''s/^. .* \\(.*\\)\$/extern int \\1;/p'\''"'

## ----------------- ##
## Output variables. ##
## ----------------- ##

ACLOCAL='${SHELL} /home/gichty/leelee/missing --run aclocal-1.9'
AMDEPBACKSLASH='\'
AMDEP_FALSE='#'
AMDEP_TRUE=''
AMTAR='${SHELL} /home/gichty/leelee/missing --run tar'
AR='ar'
AUTOCONF='${SHELL} /home/gichty/leelee/missing --run autoconf'
AUTOHEADER='${SHELL} /home/gichty/leelee/missing --run autoheader'
AUTOMAKE='${SHELL} /home/gichty/leelee/missing --run automake-1.9'
AWK='gawk'
CC='gcc'
CCDEPMODE='depmode=gcc3'
CFLAGS='-g -O2'
CPP='gcc -E'
CPPFLAGS=''
CXX='g++'
CXXCPP='g++ -E'
CXXDEPMODE='depmode=gcc3'
CXXFLAGS='-g -O2'
CYGPATH_W='echo'
DEFS='-DHAVE_CONFIG_H'
DEPDIR='.deps'
ECHO='echo'
ECHO_C=''
ECHO_N='-n'
ECHO_T=''
EGREP='grep -E'
EXEEXT=''
F77=''
FFLAGS=''
INSTALL_DATA='${INSTALL} -m 644'
INSTALL_PROGRAM='${INSTALL}'
INSTALL_SCRIPT='${INSTALL}'
INSTALL_STRIP_PROGRAM='${SHELL} $(install_sh) -c -s'
LDFLAGS=''
LIBOBJS=''
LIBS='-lssl -ltcl -ldl -lpthread '
LIBTOOL='$(SHELL) $(top_builddir)/libtool'
LN_S='ln -s'
LTLIBOBJS=''
MAKEINFO='${SHELL} /home/gichty/leelee/missing --run makeinfo'
OBJEXT='o'
PACKAGE='bot'
PACKAGE_BUGREPORT=''
PACKAGE_NAME=''
PACKAGE_STRING=''
PACKAGE_TARNAME=''
PACKAGE_VERSION=''
PATH_SEPARATOR=':'
RANLIB='ranlib'
SET_MAKE=''
SHELL='/bin/sh'
STRIP='strip'
VERSION='0.01a'
ac_ct_AR='ar'
ac_ct_CC='gcc'
ac_ct_CXX='g++'
ac_ct_F77=''
ac_ct_RANLIB='ranlib'
ac_ct_STRIP='strip'
am__fastdepCC_FALSE='#'
am__fastdepCC_TRUE=''
am__fastdepCXX_FALSE='#'
am__fastdepCXX_TRUE=''
am__include='include'
am__leading_dot='.'
am__quote=''
am__tar='${AMTAR} chof - "$$tardir"'
am__untar='${AMTAR} xf -'
bindir='${exec_prefix}/bin'
build='i686-pc-linux-gnu'
build_alias=''
build_cpu='i686'
build_os='linux-gnu'
build_vendor='pc'
datadir='${prefix}/share'
exec_prefix='${prefix}'
flags='-Wall -O3'
host='i686-pc-linux-gnu'
host_alias=''
host_cpu='i686'
host_os='linux-gnu'
host_vendor='pc'
includedir='${prefix}/include'
infodir='${prefix}/info'
install_sh='/home/gichty/leelee/install-sh'
libdir='${exec_prefix}/lib'
libexecdir='${exec_prefix}/libexec'
localstatedir='${prefix}/var'
mandir='${prefix}/man'
mkdir_p='mkdir -p --'
oldincludedir='/usr/include'
prefix='/usr/local'
program_transform_name='s,x,x,'
sbindir='${exec_prefix}/sbin'
sharedstatedir='${prefix}/com'
sysconfdir='${prefix}/etc'
target_alias=''

## ----------- ##
## confdefs.h. ##
## ----------- ##

#define HAVE_DLFCN_H 1
#define HAVE_INTTYPES_H 1
#define HAVE_LIBDL 1
#define HAVE_LIBPTHREAD 1
#define HAVE_LIBSSL 1
#define HAVE_LIBTCL 1
#define HAVE_MEMORY_H 1
#define HAVE_STDINT_H 1
#define HAVE_STDLIB_H 1
#define HAVE_STRINGS_H 1
#define HAVE_STRING_H 1
#define HAVE_SYS_STAT_H 1
#define HAVE_SYS_TYPES_H 1
#define HAVE_UNISTD_H 1
#define PACKAGE "bot"
#define PACKAGE_BUGREPORT ""
#define PACKAGE_NAME ""
#define PACKAGE_STRING ""
#define PACKAGE_TARNAME ""
#define PACKAGE_VERSION ""
#define STDC_HEADERS 1
#define VERSION "0.01a"
#endif
#ifdef __cplusplus
extern "C" void std::exit (int) throw (); using std::exit;

configure: exit 0
